Determining if the pthread_create exist failed with the following output:
Change Dir: /Users/noorio/Downloads/Spring_22/Projects/RoadMarkingExtraction/build/CMakeFiles/CMakeTmp

Run Build Command:"/usr/bin/make" "cmTC_4d2f1/fast"
/usr/bin/make -f CMakeFiles/cmTC_4d2f1.dir/build.make CMakeFiles/cmTC_4d2f1.dir/build
make[1]: Entering directory '/Users/noorio/Downloads/Spring_22/Projects/RoadMarkingExtraction/build/CMakeFiles/CMakeTmp'
Building C object CMakeFiles/cmTC_4d2f1.dir/CheckSymbolExists.c.o
/usr/bin/cc    -o CMakeFiles/cmTC_4d2f1.dir/CheckSymbolExists.c.o   -c /Users/noorio/Downloads/Spring_22/Projects/RoadMarkingExtraction/build/CMakeFiles/CMakeTmp/CheckSymbolExists.c
Linking C executable cmTC_4d2f1
/usr/bin/cmake -E cmake_link_script CMakeFiles/cmTC_4d2f1.dir/link.txt --verbose=1
/usr/bin/cc      CMakeFiles/cmTC_4d2f1.dir/CheckSymbolExists.c.o  -o cmTC_4d2f1 
CMakeFiles/cmTC_4d2f1.dir/CheckSymbolExists.c.o: In function `main':
CheckSymbolExists.c:(.text+0x14): undefined reference to `pthread_create'
CheckSymbolExists.c:(.text+0x18): undefined reference to `pthread_create'
collect2: error: ld returned 1 exit status
CMakeFiles/cmTC_4d2f1.dir/build.make:97: recipe for target 'cmTC_4d2f1' failed
make[1]: *** [cmTC_4d2f1] Error 1
make[1]: Leaving directory '/Users/noorio/Downloads/Spring_22/Projects/RoadMarkingExtraction/build/CMakeFiles/CMakeTmp'
Makefile:126: recipe for target 'cmTC_4d2f1/fast' failed
make: *** [cmTC_4d2f1/fast] Error 2

File /Users/noorio/Downloads/Spring_22/Projects/RoadMarkingExtraction/build/CMakeFiles/CMakeTmp/CheckSymbolExists.c:
/* */
#include <pthread.h>

int main(int argc, char** argv)
{
  (void)argv;
#ifndef pthread_create
  return ((int*)(&pthread_create))[argc];
#else
  (void)argc;
  return 0;
#endif
}

Determining if the function pthread_create exists in the pthreads failed with the following output:
Change Dir: /Users/noorio/Downloads/Spring_22/Projects/RoadMarkingExtraction/build/CMakeFiles/CMakeTmp

Run Build Command:"/usr/bin/make" "cmTC_f1700/fast"
/usr/bin/make -f CMakeFiles/cmTC_f1700.dir/build.make CMakeFiles/cmTC_f1700.dir/build
make[1]: Entering directory '/Users/noorio/Downloads/Spring_22/Projects/RoadMarkingExtraction/build/CMakeFiles/CMakeTmp'
Building C object CMakeFiles/cmTC_f1700.dir/CheckFunctionExists.c.o
/usr/bin/cc   -DCHECK_FUNCTION_EXISTS=pthread_create   -o CMakeFiles/cmTC_f1700.dir/CheckFunctionExists.c.o   -c /usr/share/cmake-3.10/Modules/CheckFunctionExists.c
Linking C executable cmTC_f1700
/usr/bin/cmake -E cmake_link_script CMakeFiles/cmTC_f1700.dir/link.txt --verbose=1
/usr/bin/cc  -DCHECK_FUNCTION_EXISTS=pthread_create    CMakeFiles/cmTC_f1700.dir/CheckFunctionExists.c.o  -o cmTC_f1700 -lpthreads 
/usr/bin/ld: cannot find -lpthreads
collect2: error: ld returned 1 exit status
CMakeFiles/cmTC_f1700.dir/build.make:97: recipe for target 'cmTC_f1700' failed
make[1]: *** [cmTC_f1700] Error 1
make[1]: Leaving directory '/Users/noorio/Downloads/Spring_22/Projects/RoadMarkingExtraction/build/CMakeFiles/CMakeTmp'
Makefile:126: recipe for target 'cmTC_f1700/fast' failed
make: *** [cmTC_f1700/fast] Error 2


